Nonterminals useless in grammar

   rules
   rule


Terminals unused in grammar

   WWW1
   WWW2


Rules useless in grammar

    3 rules: rule
    4      | rules rule
    5      | rules SP

    6 rule: WWW1
    7     | WWW2


Grammar

    0 $accept: SP $end

    1 SP: SP '\''
    2   | '\''


Terminals, with rules where they appear

$end (0) 0
'\'' (39) 1 2
error (256)
WWW1 (258)
WWW2 (259)


Nonterminals, with rules where they appear

$accept (6)
    on left: 0
SP (7)
    on left: 1 2, on right: 0 1


state 0

    0 $accept: . SP $end

    '\''  shift, and go to state 1

    SP  go to state 2


state 1

    2 SP: '\'' .

    $default  reduce using rule 2 (SP)


state 2

    0 $accept: SP . $end
    1 SP: SP . '\''

    $end  shift, and go to state 3
    '\''  shift, and go to state 4


state 3

    0 $accept: SP $end .

    $default  accept


state 4

    1 SP: SP '\'' .

    $default  reduce using rule 1 (SP)
